-- Check for MPP-19310 and MPP-19857 where mksort produces wrong result
-- on OPT build, and fails assertion on debug build if a "LIMIT" query
-- spills to disk.
CREATE TABLE mksort_limit_test_table(dkey INT, jkey INT, rval REAL, tval TEXT default repeat('abcdefghijklmnopqrstuvwxyz', 300));
INSERT INTO mksort_limit_test_table VALUES(generate_series(1, 10000), generate_series(10001, 20000), sqrt(generate_series(10001, 20000)));
--Should fit LESS (because of overhead) than (20 * 1024 * 1024) / (26 * 300 + 12) => 2684 tuples in memory, after that spills to disk
SET statement_mem="20MB";
-- Should work in memory
SELECT dkey, substring(tval from 1 for 2) as str  from (SELECT * from mksort_limit_test_table ORDER BY dkey LIMIT 200) as temp ORDER BY jkey LIMIT 3;
 dkey | str 
------+-----
    1 | ab
    2 | ab
    3 | ab
(3 rows)

SELECT dkey, substring(tval from 1 for 2) as str  from (SELECT * from mksort_limit_test_table ORDER BY dkey LIMIT 200) as temp ORDER BY jkey DESC LIMIT 3;
 dkey | str 
------+-----
  200 | ab
  199 | ab
  198 | ab
(3 rows)

-- Should spill to disk (tested with 2 segments, for more segments it may not spill)
SELECT dkey, substring(tval from 1 for 2) as str  from (SELECT * from mksort_limit_test_table ORDER BY dkey LIMIT 5000) as temp ORDER BY jkey LIMIT 3;
 dkey | str 
------+-----
    1 | ab
    2 | ab
    3 | ab
(3 rows)

SELECT dkey, substring(tval from 1 for 2) as str  from (SELECT * from mksort_limit_test_table ORDER BY dkey LIMIT 5000) as temp ORDER BY jkey DESC LIMIT 3;
 dkey | str 
------+-----
 5000 | ab
 4999 | ab
 4998 | ab
(3 rows)

-- In memory descending sort
SELECT dkey, substring(tval from 1 for 2) as str  from (SELECT * from mksort_limit_test_table ORDER BY dkey DESC LIMIT 200) as temp ORDER BY jkey LIMIT 3;
 dkey | str 
------+-----
 9801 | ab
 9802 | ab
 9803 | ab
(3 rows)

SELECT dkey, substring(tval from 1 for 2) as str  from (SELECT * from mksort_limit_test_table ORDER BY dkey DESC LIMIT 200) as temp ORDER BY jkey DESC LIMIT 3;
 dkey  | str 
-------+-----
 10000 | ab
  9999 | ab
  9998 | ab
(3 rows)

-- Spilled descending sort (tested with 2 segments, for more segments it may not spill)
SELECT dkey, substring(tval from 1 for 2) as str from (SELECT * from mksort_limit_test_table ORDER BY dkey DESC LIMIT 5000) as temp ORDER BY jkey LIMIT 3;
 dkey | str 
------+-----
 5001 | ab
 5002 | ab
 5003 | ab
(3 rows)

SELECT dkey, substring(tval from 1 for 2) as str  from (SELECT * from mksort_limit_test_table ORDER BY dkey DESC LIMIT 5000) as temp ORDER BY jkey DESC LIMIT 3;
 dkey  | str 
-------+-----
 10000 | ab
  9999 | ab
  9998 | ab
(3 rows)

DROP TABLE  mksort_limit_test_table;
-- Check invalid things in LIMIT
select * from generate_series(1,10) g limit g;
ERROR:  argument of LIMIT must not contain variables
LINE 1: select * from generate_series(1,10) g limit g;
                                                    ^
select * from generate_series(1,10) g limit count(*);
ERROR:  aggregate functions are not allowed in LIMIT
LINE 1: select * from generate_series(1,10) g limit count(*);
                                                    ^
-- Check volatile limit should not pushdown.
create table t_volatile_limit (i int4);
create table t_volatile_limit_1 (a int, b int);
-- Cloudberry may generate two-stage limit plan to improve performance.
-- But for limit clause contains volatile functions, if we push them down
-- below the final gather motion, those volatile functions will be evaluated
-- many times. For such cases, we should not push down the limit.
-- Below test cases' limit clause contain function call `random` with order by.
-- `random()` is a volatile function it may return different results each time
-- invoked. If we push down to generate two-stage limit plan, `random()` will
-- execute on each segment which leads to different limit values of QEs
-- and QD and this cannot guarantee correct results. Suppose seg 0 contains the
-- top 3 minimum values, but random() returns 1, then you lose 2 values.
explain select * from t_volatile_limit order by i limit (random() * 10);
                                    QUERY PLAN                                    
----------------------------------------------------------------------------------
 Limit  (cost=793.64..796.20 rows=1023 width=4)
   ->  Sort  (cost=793.64..819.22 rows=10230 width=4)
         Sort Key: i
         ->  Seq Scan on t_volatile_limit  (cost=0.00..112.30 rows=10230 width=4)
 Optimizer: Postgres query optimizer
(5 rows)

explain select * from t_volatile_limit order by i limit 2 offset (random()*5);
                                    QUERY PLAN                                    
----------------------------------------------------------------------------------
 Limit  (cost=796.20..796.21 rows=2 width=4)
   ->  Sort  (cost=793.64..819.22 rows=10230 width=4)
         Sort Key: i
         ->  Seq Scan on t_volatile_limit  (cost=0.00..112.30 rows=10230 width=4)
 Optimizer: Postgres query optimizer
(5 rows)

explain select distinct(a), sum(b) from t_volatile_limit_1 group by a order by a, sum(b) limit (random()+3);
                                          QUERY PLAN                                           
-----------------------------------------------------------------------------------------------
 Limit  (cost=206.18..206.93 rows=100 width=12)
   ->  Unique  (cost=206.18..213.68 rows=1000 width=12)
         Group Key: a, (sum(b))
         ->  Sort  (cost=206.18..208.68 rows=1000 width=12)
               Sort Key: a, (sum(b))
               ->  HashAggregate  (cost=146.35..156.35 rows=1000 width=12)
                     Group Key: a
                     ->  Seq Scan on t_volatile_limit_1  (cost=0.00..100.90 rows=9090 width=8)
 Optimizer: Postgres query optimizer
(9 rows)

explain select distinct(a), sum(b) from t_volatile_limit_1 group by a order by a, sum(b) limit 2 offset (random()*2);
                                          QUERY PLAN                                           
-----------------------------------------------------------------------------------------------
 Limit  (cost=206.93..206.94 rows=2 width=12)
   ->  Unique  (cost=206.18..213.68 rows=1000 width=12)
         Group Key: a, (sum(b))
         ->  Sort  (cost=206.18..208.68 rows=1000 width=12)
               Sort Key: a, (sum(b))
               ->  HashAggregate  (cost=146.35..156.35 rows=1000 width=12)
                     Group Key: a
                     ->  Seq Scan on t_volatile_limit_1  (cost=0.00..100.90 rows=9090 width=8)
 Optimizer: Postgres query optimizer
(9 rows)

drop table t_volatile_limit;
drop table t_volatile_limit_1;
-- Check LIMIT ALL should not be considered when gathering data to a single node
create table t_limit_all(a int, b int);
insert into t_limit_all select i, i from generate_series(1,10)i;
explain (costs off)
select array(select b from t_limit_all order by b asc limit all) t;
              QUERY PLAN               
---------------------------------------
 Result
   InitPlan 1 (returns $0)
     ->  Sort
           Sort Key: t_limit_all.b
           ->  Seq Scan on t_limit_all
 Optimizer: Postgres query optimizer
(6 rows)

select array(select b from t_limit_all order by b asc limit all) t;
           t            
------------------------
 {1,2,3,4,5,6,7,8,9,10}
(1 row)

drop table t_limit_all;
